#
# A fatal error has been detected by the Java Runtime Environment:
#
#  EXCEPTION_ACCESS_VIOLATION (0xc0000005) at pc=0x00007ff9f9f705dd, pid=21160, tid=0x0000000000003f8c
#
# JRE version: OpenJDK Runtime Environment (8.0_152-b01) (build 1.8.0_152-release-1248-b01)
# Java VM: OpenJDK 64-Bit Server VM (25.152-b01 mixed mode windows-amd64 compressed oops)
# Problematic frame:
# C  [ig9icd64.dll+0x4f05dd]
#
# Failed to write core dump. Minidumps are not enabled by default on client versions of Windows
#
# If you would like to submit a bug report, please visit:
#   http://bugreport.java.com/bugreport/crash.jsp
# The crash happened outside the Java Virtual Machine in native code.
# See problematic frame for where to report the bug.
#

---------------  T H R E A D  ---------------

Current thread (0x000000001ff34800):  JavaThread "LWJGL Application" [_thread_in_native, id=16268, stack(0x0000000020ed0000,0x0000000020fd0000)]

siginfo: ExceptionCode=0xc0000005, writing address 0x0000000022430000

Registers:
RAX=0x00000000680b0000, RBX=0x0000000021b7c5d0, RCX=0x0000000022400000, RDX=0x0000000000030000
RSP=0x0000000020fcec30, RBP=0x0000000020fced30, RSI=0x0000000020fcef90, RDI=0x0000000000eebb00
R8 =0x0000000021b7c468, R9 =0x0000000000000000, R10=0x0000000000eebb00, R11=0x0000000020fcef38
R12=0x0000000000004000, R13=0x0000000021b47fc0, R14=0x0000000000000000, R15=0x0000000000000000
RIP=0x00007ff9f9f705dd, EFLAGS=0x0000000000010246

Top of Stack: (sp=0x0000000020fcec30)
0x0000000020fcec30:   0000000020fcec60 0000000020fced30
0x0000000020fcec40:   0000000020fcef90 0000000000a23000
0x0000000020fcec50:   0000000000000001 0000000000000102
0x0000000020fcec60:   ffffffffffffd8f0 00007ffa87afa454
0x0000000020fcec70:   0000000000000048 0000000000000001
0x0000000020fcec80:   0000000000eebb00 0000000000000000
0x0000000020fcec90:   0000000000000000 0000000000000000
0x0000000020fceca0:   0000000020fcef90 0000000000000000
0x0000000020fcecb0:   0000000000000000 0000000000000000
0x0000000020fcecc0:   000000001ff85270 0000000020fcece0
0x0000000020fcecd0:   0000000000000000 0000000002901380
0x0000000020fcece0:   0000000002900cc0 3f80000000000032
0x0000000020fcecf0:   0000000000000010 0000000002000700
0x0000000020fced00:   0000000000000000 0000000000000010
0x0000000020fced10:   0000000000000008 0000000000000000
0x0000000020fced20:   0000000000000002 0000000000000001 

Instructions: (pc=0x00007ff9f9f705dd)
0x00007ff9f9f705bd:   00 00 c7 81 b4 bd 00 00 00 00 00 00 4d 8b 85 c0
0x00007ff9f9f705cd:   44 03 00 8b 05 5a a3 8b 00 41 8b 50 10 49 8b 08
0x00007ff9f9f705dd:   89 04 0a 33 d2 41 83 40 10 04 48 8d 4d d0 41 b8
0x00007ff9f9f705ed:   d0 01 00 00 e8 ca 9e 3c 00 49 63 85 10 1b 00 00 


Register to memory mapping:

RAX=0x00000000680b0000 is an unknown value
RBX=0x0000000021b7c5d0 is an unknown value
RCX=0x0000000022400000 is an unknown value
RDX=0x0000000000030000 is an unknown value
RSP=0x0000000020fcec30 is pointing into the stack for thread: 0x000000001ff34800
RBP=0x0000000020fced30 is pointing into the stack for thread: 0x000000001ff34800
RSI=0x0000000020fcef90 is pointing into the stack for thread: 0x000000001ff34800
RDI=0x0000000000eebb00 is an unknown value
R8 =0x0000000021b7c468 is an unknown value
R9 =0x0000000000000000 is an unknown value
R10=0x0000000000eebb00 is an unknown value
R11=0x0000000020fcef38 is pointing into the stack for thread: 0x000000001ff34800
R12=0x0000000000004000 is an unknown value
R13=0x0000000021b47fc0 is an unknown value
R14=0x0000000000000000 is an unknown value
R15=0x0000000000000000 is an unknown value


Stack: [0x0000000020ed0000,0x0000000020fd0000],  sp=0x0000000020fcec30,  free space=1019k
Native frames: (J=compiled Java code, j=interpreted, Vv=VM code, C=native code)
C  [ig9icd64.dll+0x4f05dd]
C  [ig9icd64.dll+0x4dc564]
C  [ig9icd64.dll+0x470a7c]
C  0x0000000003034eca

Java frames: (J=compiled Java code, j=interpreted, Vv=VM code)
J 570  org.lwjgl.opengl.GL11.nglClear(IJ)V (0 bytes) @ 0x0000000003034e44 [0x0000000003034e00+0x44]
J 673 C2 com.badlogic.gdx.Game.render()V (25 bytes) @ 0x000000000308c04c [0x000000000308bee0+0x16c]
j  com.badlogic.gdx.backends.lwjgl.LwjglApplication.mainLoop()V+698
j  com.badlogic.gdx.backends.lwjgl.LwjglApplication$1.run()V+27
v  ~StubRoutines::call_stub

---------------  P R O C E S S  ---------------

Java Threads: ( => current thread )
  0x00000000202d7800 JavaThread "LWJGL Timer" daemon [_thread_blocked, id=12628, stack(0x000000002b4f0000,0x000000002b5f0000)]
  0x0000000002cc4800 JavaThread "DestroyJavaVM" [_thread_blocked, id=408, stack(0x0000000002970000,0x0000000002a70000)]
=>0x000000001ff34800 JavaThread "LWJGL Application" [_thread_in_native, id=16268, stack(0x0000000020ed0000,0x0000000020fd0000)]
  0x000000001e24e800 JavaThread "Service Thread" daemon [_thread_blocked, id=22144, stack(0x000000001fb90000,0x000000001fc90000)]
  0x000000001e1a5800 JavaThread "C1 CompilerThread3" daemon [_thread_blocked, id=13468, stack(0x000000001fa90000,0x000000001fb90000)]
  0x000000001e1a1800 JavaThread "C2 CompilerThread2" daemon [_thread_blocked, id=3948, stack(0x000000001f990000,0x000000001fa90000)]
  0x000000001e1a0800 JavaThread "C2 CompilerThread1" daemon [_thread_blocked, id=13040, stack(0x000000001f890000,0x000000001f990000)]
  0x000000001e19e000 JavaThread "C2 CompilerThread0" daemon [_thread_blocked, id=2792, stack(0x000000001f790000,0x000000001f890000)]
  0x000000001e197800 JavaThread "Monitor Ctrl-Break" daemon [_thread_in_native, id=22720, stack(0x000000001f690000,0x000000001f790000)]
  0x000000001e043000 JavaThread "Attach Listener" daemon [_thread_blocked, id=18924, stack(0x000000001f590000,0x000000001f690000)]
  0x000000001e042000 JavaThread "Signal Dispatcher" daemon [_thread_blocked, id=19852, stack(0x000000001f490000,0x000000001f590000)]
  0x0000000002dbd800 JavaThread "Finalizer" daemon [_thread_blocked, id=22740, stack(0x000000001f2a0000,0x000000001f3a0000)]
  0x0000000002dbc000 JavaThread "Reference Handler" daemon [_thread_blocked, id=18568, stack(0x000000001f1a0000,0x000000001f2a0000)]

Other Threads:
  0x000000001e012800 VMThread [stack: 0x000000001f0a0000,0x000000001f1a0000] [id=16196]
  0x000000001e251800 WatcherThread [stack: 0x000000001fc90000,0x000000001fd90000] [id=23224]

VM state:not at safepoint (normal execution)

VM Mutex/Monitor currently owned by a thread: None

Heap:
 PSYoungGen      total 75776K, used 19633K [0x000000076b780000, 0x0000000770c00000, 0x00000007c0000000)
  eden space 65024K, 30% used [0x000000076b780000,0x000000076caac628,0x000000076f700000)
  from space 10752K, 0% used [0x0000000770180000,0x0000000770180000,0x0000000770c00000)
  to   space 10752K, 0% used [0x000000076f700000,0x000000076f700000,0x0000000770180000)
 ParOldGen       total 173568K, used 0K [0x00000006c2600000, 0x00000006ccf80000, 0x000000076b780000)
  object space 173568K, 0% used [0x00000006c2600000,0x00000006c2600000,0x00000006ccf80000)
 Metaspace       used 7013K, capacity 7107K, committed 7424K, reserved 1056768K
  class space    used 642K, capacity 656K, committed 768K, reserved 1048576K

Card table byte_map: [0x0000000012180000,0x0000000012970000] byte_map_base: 0x000000000eb6d000

Marking Bits: (ParMarkBitMap*) 0x0000000061875aa0
 Begin Bits: [0x00000000138c0000, 0x0000000017828000)
 End Bits:   [0x0000000017828000, 0x000000001b790000)

Polling page: 0x00000000009e0000

CodeCache: size=245760Kb used=2846Kb max_used=2851Kb free=242913Kb
 bounds [0x0000000002dc0000, 0x0000000003090000, 0x0000000011dc0000]
 total_blobs=1114 nmethods=674 adapters=354
 compilation: enabled

Compilation events (10 events):
Event: 128.707 Thread 0x000000001e1a1800  670   !   4       com.badlogic.gdx.backends.lwjgl.LwjglGraphics::shouldRender (44 bytes)
Event: 128.707 Thread 0x000000001e1a0800  671       4       com.badlogic.gdx.backends.lwjgl.audio.OpenALAudio::update (43 bytes)
Event: 128.708 Thread 0x000000001e19e000  672       4       com.badlogic.gdx.backends.lwjgl.LwjglGraphics::updateTime (65 bytes)
Event: 128.708 Thread 0x000000001e1a0800 nmethod 671 0x0000000003077990 code [0x0000000003077ac0, 0x0000000003077b58]
Event: 128.708 Thread 0x000000001e1a0800  673       4       com.badlogic.gdx.Game::render (25 bytes)
Event: 128.708 Thread 0x000000001e19e000 nmethod 672 0x0000000003079750 code [0x00000000030798a0, 0x0000000003079958]
Event: 128.708 Thread 0x000000001e19e000  674       4       com.mygdx.game.actors.ActorJugador::draw (7 bytes)
Event: 128.708 Thread 0x000000001e19e000 nmethod 674 0x0000000003068710 code [0x0000000003068840, 0x0000000003068898]
Event: 128.708 Thread 0x000000001e1a1800 nmethod 670 0x0000000003088490 code [0x00000000030885e0, 0x0000000003088838]
Event: 128.716 Thread 0x000000001e1a0800 nmethod 673 0x000000000308bc90 code [0x000000000308bee0, 0x000000000308c8a0]

GC Heap History (0 events):
No events

Deoptimization events (0 events):
No events

Classes redefined (0 events):
No events

Internal exceptions (10 events):
Event: 0.152 Thread 0x0000000002cc4800 Exception <a 'java/security/PrivilegedActionException'> (0x000000076bd33ae8) thrown at [D:\src\AOSP-openjdk-cygwin\jdk8u\hotspot\src\share\vm\prims\jvm.cpp, line 1390]
Event: 0.152 Thread 0x0000000002cc4800 Exception <a 'java/security/PrivilegedActionException'> (0x000000076bd33cf8) thrown at [D:\src\AOSP-openjdk-cygwin\jdk8u\hotspot\src\share\vm\prims\jvm.cpp, line 1390]
Event: 0.152 Thread 0x0000000002cc4800 Exception <a 'java/security/PrivilegedActionException'> (0x000000076bd35018) thrown at [D:\src\AOSP-openjdk-cygwin\jdk8u\hotspot\src\share\vm\prims\jvm.cpp, line 1390]
Event: 0.152 Thread 0x0000000002cc4800 Exception <a 'java/security/PrivilegedActionException'> (0x000000076bd35228) thrown at [D:\src\AOSP-openjdk-cygwin\jdk8u\hotspot\src\share\vm\prims\jvm.cpp, line 1390]
Event: 0.321 Thread 0x0000000002cc4800 Exception <a 'java/security/PrivilegedActionException'> (0x000000076beddae8) thrown at [D:\src\AOSP-openjdk-cygwin\jdk8u\hotspot\src\share\vm\prims\jvm.cpp, line 1390]
Event: 0.321 Thread 0x0000000002cc4800 Exception <a 'java/security/PrivilegedActionException'> (0x000000076bedf7c0) thrown at [D:\src\AOSP-openjdk-cygwin\jdk8u\hotspot\src\share\vm\prims\jvm.cpp, line 1390]
Event: 0.321 Thread 0x0000000002cc4800 Exception <a 'java/security/PrivilegedActionException'> (0x000000076bee0930) thrown at [D:\src\AOSP-openjdk-cygwin\jdk8u\hotspot\src\share\vm\prims\jvm.cpp, line 1390]
Event: 0.321 Thread 0x0000000002cc4800 Exception <a 'java/security/PrivilegedActionException'> (0x000000076bee5e70) thrown at [D:\src\AOSP-openjdk-cygwin\jdk8u\hotspot\src\share\vm\prims\jvm.cpp, line 1390]
Event: 0.321 Thread 0x0000000002cc4800 Exception <a 'java/security/PrivilegedActionException'> (0x000000076bee6ac8) thrown at [D:\src\AOSP-openjdk-cygwin\jdk8u\hotspot\src\share\vm\prims\jvm.cpp, line 1390]
Event: 0.321 Thread 0x0000000002cc4800 Exception <a 'java/security/PrivilegedActionException'> (0x000000076bee76f0) thrown at [D:\src\AOSP-openjdk-cygwin\jdk8u\hotspot\src\share\vm\prims\jvm.cpp, line 1390]

Events (10 events):
Event: 0.673 loading class org/lwjgl/opengl/Sync$RunningAvg done
Event: 0.673 loading class org/lwjgl/opengl/Sync$1
Event: 0.673 loading class org/lwjgl/opengl/Sync$1 done
Event: 0.673 Thread 0x00000000202d7800 Thread added: 0x00000000202d7800
Event: 1.173 loading class com/badlogic/gdx/backends/lwjgl/LwjglInput$TouchEvent
Event: 1.173 loading class com/badlogic/gdx/backends/lwjgl/LwjglInput$TouchEvent done
Event: 1.573 Thread 0x000000001ff34800 DEOPT PACKING pc=0x0000000002fe2457 sp=0x0000000020fcef60
Event: 1.573 Thread 0x000000001ff34800 DEOPT UNPACKING pc=0x0000000002e075d0 sp=0x0000000020fced70 mode 0
Event: 4.151 Executing VM operation: EnableBiasedLocking
Event: 4.151 Executing VM operation: EnableBiasedLocking done


Dynamic libraries:
0x00007ff6eb490000 - 0x00007ff6eb4c1000 	A:\DeveloperTools\Android Studio\jre\bin\java.exe
0x00007ffa87ae0000 - 0x00007ffa87cc1000 	C:\WINDOWS\SYSTEM32\ntdll.dll
0x00007ffa77830000 - 0x00007ffa77842000 	C:\Program Files\AVG\Antivirus\aswhook.dll
0x00007ffa86fd0000 - 0x00007ffa87082000 	C:\WINDOWS\System32\KERNEL32.DLL
0x00007ffa84c70000 - 0x00007ffa84ee3000 	C:\WINDOWS\System32\KERNELBASE.dll
0x00007ffa87420000 - 0x00007ffa874c1000 	C:\WINDOWS\System32\ADVAPI32.dll
0x00007ffa86e60000 - 0x00007ffa86efe000 	C:\WINDOWS\System32\msvcrt.dll
0x00007ffa87750000 - 0x00007ffa877ab000 	C:\WINDOWS\System32\sechost.dll
0x00007ffa85860000 - 0x00007ffa85984000 	C:\WINDOWS\System32\RPCRT4.dll
0x00007ffa877b0000 - 0x00007ffa87940000 	C:\WINDOWS\System32\USER32.dll
0x00007ffa83eb0000 - 0x00007ffa83ed0000 	C:\WINDOWS\System32\win32u.dll
0x00007ffa85290000 - 0x00007ffa852b8000 	C:\WINDOWS\System32\GDI32.dll
0x00007ffa84ad0000 - 0x00007ffa84c62000 	C:\WINDOWS\System32\gdi32full.dll
0x00007ffa845e0000 - 0x00007ffa8467f000 	C:\WINDOWS\System32\msvcp_win.dll
0x00007ffa846d0000 - 0x00007ffa847c8000 	C:\WINDOWS\System32\ucrtbase.dll
0x00007ffa75970000 - 0x00007ffa75bd9000 	C:\WINDOWS\WinSxS\amd64_microsoft.windows.common-controls_6595b64144ccf1df_6.0.17134.648_none_fb45a0e93062a6d2\COMCTL32.dll
0x00007ffa870f0000 - 0x00007ffa87412000 	C:\WINDOWS\System32\combase.dll
0x00007ffa84ef0000 - 0x00007ffa84f6a000 	C:\WINDOWS\System32\bcryptPrimitives.dll
0x00007ffa86e30000 - 0x00007ffa86e5d000 	C:\WINDOWS\System32\IMM32.DLL
0x0000000060ef0000 - 0x0000000060fc2000 	A:\DeveloperTools\Android Studio\jre\jre\bin\msvcr100.dll
0x00000000610b0000 - 0x00000000618f1000 	A:\DeveloperTools\Android Studio\jre\jre\bin\server\jvm.dll
0x00007ffa85400000 - 0x00007ffa85408000 	C:\WINDOWS\System32\PSAPI.DLL
0x00007ffa6ba00000 - 0x00007ffa6ba09000 	C:\WINDOWS\SYSTEM32\WSOCK32.dll
0x00007ffa874d0000 - 0x00007ffa8753c000 	C:\WINDOWS\System32\WS2_32.dll
0x00007ffa82090000 - 0x00007ffa820b3000 	C:\WINDOWS\SYSTEM32\WINMM.dll
0x00007ffa7e0a0000 - 0x00007ffa7e0aa000 	C:\WINDOWS\SYSTEM32\VERSION.dll
0x00007ffa82060000 - 0x00007ffa8208a000 	C:\WINDOWS\SYSTEM32\WINMMBASE.dll
0x00007ffa84680000 - 0x00007ffa846c9000 	C:\WINDOWS\System32\cfgmgr32.dll
0x00007ffa807b0000 - 0x00007ffa807bf000 	A:\DeveloperTools\Android Studio\jre\jre\bin\verify.dll
0x00007ffa73970000 - 0x00007ffa73999000 	A:\DeveloperTools\Android Studio\jre\jre\bin\java.dll
0x00007ffa73010000 - 0x00007ffa73033000 	A:\DeveloperTools\Android Studio\jre\jre\bin\instrument.dll
0x00007ffa73950000 - 0x00007ffa73966000 	A:\DeveloperTools\Android Studio\jre\jre\bin\zip.dll
0x00007ffa859f0000 - 0x00007ffa86e30000 	C:\WINDOWS\System32\SHELL32.dll
0x00007ffa85340000 - 0x00007ffa853e9000 	C:\WINDOWS\System32\shcore.dll
0x00007ffa83ed0000 - 0x00007ffa845dd000 	C:\WINDOWS\System32\windows.storage.dll
0x00007ffa87090000 - 0x00007ffa870e1000 	C:\WINDOWS\System32\shlwapi.dll
0x00007ffa83e90000 - 0x00007ffa83ea1000 	C:\WINDOWS\System32\kernel.appcore.dll
0x00007ffa83e50000 - 0x00007ffa83e6f000 	C:\WINDOWS\System32\profapi.dll
0x00007ffa83e00000 - 0x00007ffa83e4c000 	C:\WINDOWS\System32\powrprof.dll
0x00007ffa83df0000 - 0x00007ffa83dfa000 	C:\WINDOWS\System32\FLTLIB.DLL
0x00007ffa778b0000 - 0x00007ffa778ca000 	A:\DeveloperTools\Android Studio\bin\breakgen64.dll
0x00007ffa73930000 - 0x00007ffa7394a000 	A:\DeveloperTools\Android Studio\jre\jre\bin\net.dll
0x00007ffa83670000 - 0x00007ffa836d6000 	C:\WINDOWS\system32\mswsock.dll
0x0000000065ac0000 - 0x0000000065b26000 	C:\Users\jggma\AppData\Local\Temp\libgdxjggma\689f6d6a\gdx64.dll
0x00007ffa83820000 - 0x00007ffa83837000 	C:\WINDOWS\SYSTEM32\CRYPTSP.dll
0x00007ffa83250000 - 0x00007ffa83283000 	C:\WINDOWS\system32\rsaenh.dll
0x00007ffa83950000 - 0x00007ffa83975000 	C:\WINDOWS\SYSTEM32\bcrypt.dll
0x00007ffa83cf0000 - 0x00007ffa83d18000 	C:\WINDOWS\SYSTEM32\USERENV.dll
0x00007ffa83840000 - 0x00007ffa8384b000 	C:\WINDOWS\SYSTEM32\CRYPTBASE.dll
0x00007ffa833f0000 - 0x00007ffa83428000 	C:\WINDOWS\SYSTEM32\IPHLPAPI.DLL
0x00007ffa853f0000 - 0x00007ffa853f8000 	C:\WINDOWS\System32\NSI.dll
0x00007ffa7d450000 - 0x00007ffa7d466000 	C:\WINDOWS\SYSTEM32\dhcpcsvc6.DLL
0x00007ffa7d670000 - 0x00007ffa7d68a000 	C:\WINDOWS\SYSTEM32\dhcpcsvc.DLL
0x00007ffa73910000 - 0x00007ffa73921000 	A:\DeveloperTools\Android Studio\jre\jre\bin\nio.dll
0x0000000180000000 - 0x0000000180053000 	C:\Users\jggma\AppData\Local\Temp\libgdxjggma\dc0f0009\lwjgl64.dll
0x00007ffa697a0000 - 0x00007ffa698c0000 	C:\WINDOWS\SYSTEM32\OPENGL32.dll
0x00007ffa6a440000 - 0x00007ffa6a46c000 	C:\WINDOWS\SYSTEM32\GLU32.dll
0x0000000020a40000 - 0x0000000020aa4000 	C:\Users\jggma\AppData\Local\Temp\libgdxjggma\dc0f0009\OpenAL64.dll
0x00007ffa87940000 - 0x00007ffa87a91000 	C:\WINDOWS\System32\ole32.dll
0x00007ffa823e0000 - 0x00007ffa82478000 	C:\WINDOWS\system32\uxtheme.dll
0x00007ffa87630000 - 0x00007ffa876d0000 	C:\WINDOWS\System32\clbcatq.dll
0x00007ffa808a0000 - 0x00007ffa80a54000 	C:\WINDOWS\System32\PROPSYS.dll
0x00007ffa86f00000 - 0x00007ffa86fc3000 	C:\WINDOWS\System32\OLEAUT32.dll
0x00007ffa30e10000 - 0x00007ffa30e9f000 	C:\WINDOWS\SYSTEM32\dsound.dll
0x00007ffa786b0000 - 0x00007ffa78726000 	C:\WINDOWS\System32\MMDevApi.dll
0x00007ffa83c00000 - 0x00007ffa83c27000 	C:\WINDOWS\System32\DEVOBJ.dll
0x00007ffa7d2d0000 - 0x00007ffa7d3fc000 	C:\WINDOWS\SYSTEM32\AUDIOSES.DLL
0x00007ffa7f820000 - 0x00007ffa7f96d000 	C:\WINDOWS\SYSTEM32\wintypes.dll
0x00007ffa804f0000 - 0x00007ffa804fa000 	C:\WINDOWS\SYSTEM32\AVRT.dll
0x00007ffa84f70000 - 0x00007ffa850e3000 	C:\WINDOWS\System32\MSCTF.dll
0x00007ffa82560000 - 0x00007ffa82589000 	C:\WINDOWS\system32\dwmapi.dll
0x00007ffa6fdc0000 - 0x00007ffa6fe56000 	C:\WINDOWS\System32\TextInputFramework.dll
0x00007ffa7f500000 - 0x00007ffa7f81e000 	C:\WINDOWS\System32\CoreUIComponents.dll
0x00007ffa81990000 - 0x00007ffa81a6a000 	C:\WINDOWS\System32\CoreMessaging.dll
0x00007ffa82ee0000 - 0x00007ffa82f11000 	C:\WINDOWS\SYSTEM32\ntmarta.dll
0x00007ff9f9a80000 - 0x00007ff9fa980000 	C:\WINDOWS\System32\DriverStore\FileRepository\igdlh64.inf_amd64_b5d4c82c67b39358\ig9icd64.dll
0x00007ffa80ec0000 - 0x00007ffa80ed3000 	C:\WINDOWS\SYSTEM32\WTSAPI32.dll
0x00007ffa82bb0000 - 0x00007ffa82c6b000 	C:\WINDOWS\SYSTEM32\dxgi.dll
0x00007ffa75be0000 - 0x00007ffa75c88000 	C:\WINDOWS\SYSTEM32\mscms.dll
0x00007ffa780b0000 - 0x00007ffa780c0000 	C:\WINDOWS\SYSTEM32\ColorAdapterClient.dll
0x00007ffa4bee0000 - 0x00007ffa4bf23000 	C:\WINDOWS\SYSTEM32\icm32.dll
0x00007ffa78730000 - 0x00007ffa7a4d0000 	C:\WINDOWS\System32\DriverStore\FileRepository\igdlh64.inf_amd64_b5d4c82c67b39358\igc64.dll
0x00007ffa69570000 - 0x00007ffa69739000 	C:\WINDOWS\SYSTEM32\dbghelp.dll

VM Arguments:
jvm_args: -javaagent:A:\DeveloperTools\Android Studio\lib\idea_rt.jar=53656:A:\DeveloperTools\Android Studio\bin -Dfile.encoding=UTF-8 
java_command: com.mygdx.game.desktop.DesktopLauncher
java_class_path (initial): A:\DeveloperTools\Android Studio\jre\jre\lib\charsets.jar;A:\DeveloperTools\Android Studio\jre\jre\lib\ext\access-bridge-64.jar;A:\DeveloperTools\Android Studio\jre\jre\lib\ext\cldrdata.jar;A:\DeveloperTools\Android Studio\jre\jre\lib\ext\dnsns.jar;A:\DeveloperTools\Android Studio\jre\jre\lib\ext\jaccess.jar;A:\DeveloperTools\Android Studio\jre\jre\lib\ext\localedata.jar;A:\DeveloperTools\Android Studio\jre\jre\lib\ext\nashorn.jar;A:\DeveloperTools\Android Studio\jre\jre\lib\ext\sunec.jar;A:\DeveloperTools\Android Studio\jre\jre\lib\ext\sunjce_provider.jar;A:\DeveloperTools\Android Studio\jre\jre\lib\ext\sunmscapi.jar;A:\DeveloperTools\Android Studio\jre\jre\lib\ext\sunpkcs11.jar;A:\DeveloperTools\Android Studio\jre\jre\lib\ext\zipfs.jar;A:\DeveloperTools\Android Studio\jre\jre\lib\jce.jar;A:\DeveloperTools\Android Studio\jre\jre\lib\jsse.jar;A:\DeveloperTools\Android Studio\jre\jre\lib\management-agent.jar;A:\DeveloperTools\Android Studio\jre\jre\lib\resources.jar;A:\DeveloperTools\Android Studio\jre\jre\lib\rt.jar;A:\AndroidPrograms\libGDXgames\MovingRocket\desktop\build\classes\java\main;A:\AndroidPrograms\libGDXgames\MovingRocket\core\build\classes\java\main;C:\Users\jggma\.gradle\caches\modules-2\files-2.1\com.badlogicgames.box2dlights\box2dlights\1.4\3d77ad5b4164fb32fc67e2446e35911bb0aaf0bd\box2dlights-1.4.jar;C:\Users\jggma\.gradle\caches\modules-2\files-2.1\com.badlogicgames.gdx\gdx-box2d\1.9.9\e9a43c50fbe4f1e26dd0af5d2e78d125549e7f6b\gdx-box2d-1.9.9.jar;C:\Users\jggma\.gradle\caches\modules-2\files-2.1\com.badlogicgames.gdx\gdx-freetype\1.9.9\d947872087863b654d9a0e27a8cb10a29d6fd3d6\gdx-freetype-1.9.9.jar;C:\Users\jggma\.gradle\caches\modules-2\files-2.1\com.badlogicgames.gdx\gdx-ai\1.8.0\ec30677d8ab1a8b8aa4b853c5f4e4b1361f50bf5\gdx-ai-1.8.0.jar;C:\Users\jggma\.gradle\caches\modules-2\files-2.1\com.badlogicgames.ashley\ashley\1.7.0\a7c4083c0a42027a3c03ba7ccecef6cbe1c5f0a4\ashley-1.7.0.jar;C:\Users\jggma\.gradle\caches\modules-2\
Launcher Type: SUN_STANDARD

Environment Variables:
PATH=C:\Program Files (x86)\Common Files\Oracle\Java\javapath;C:\Program Files (x86)\Intel\Intel(R) Management Engine Components\iCLS\;C:\Program Files\Intel\Intel(R) Management Engine Components\iCLS\;C:\Windows\system32;C:\Windows;C:\Windows\System32\Wbem;C:\Windows\System32\WindowsPowerShell\v1.0\;C:\Program Files (x86)\Intel\Intel(R) Management Engine Components\DAL;C:\Program Files\Intel\Intel(R) Management Engine Components\DAL;C:\Program Files (x86)\Intel\Intel(R) Management Engine Components\IPT;C:\Program Files\Intel\Intel(R) Management Engine Components\IPT;C:\Program Files (x86)\NVIDIA Corporation\PhysX\Common;C:\Program Files (x86)\Brackets\command;C:\Program Files\Intel\WiFi\bin\;C:\Program Files\Common Files\Intel\WirelessCommon\;C:\Program Files\NVIDIA Corporation\NVIDIA NvDLISR;A:\DeveloperTools\Git\cmd;C:\WINDOWS\system32;C:\WINDOWS;C:\WINDOWS\System32\Wbem;C:\WINDOWS\System32\WindowsPowerShell\v1.0\;C:\WINDOWS\System32\OpenSSH\;C:\Users\jggma\AppData\Local\Microsoft\WindowsApps;;A:\DeveloperTools\Microsoft VS Code\bin
USERNAME=jggma
OS=Windows_NT
PROCESSOR_IDENTIFIER=Intel64 Family 6 Model 158 Stepping 10, GenuineIntel



---------------  S Y S T E M  ---------------

OS: Windows 10.0 , 64 bit Build 17134 (10.0.17134.648)

CPU:total 12 (initial active 12) (6 cores per cpu, 2 threads per core) family 6 model 158 stepping 10, cmov, cx8, fxsr, mmx, sse, sse2, sse3, ssse3, sse4.1, sse4.2, popcnt, avx, avx2, aes, clmul, erms, 3dnowpref, lzcnt, ht, tsc, tscinvbit, bmi1, bmi2, adx

Memory: 4k page, physical 16615732k(8283392k free), swap 19630388k(6080352k free)

vm_info: OpenJDK 64-Bit Server VM (25.152-b01) for windows-amd64 JRE (1.8.0_152-release-1248-b01), built by "builder" with MS VC++ 10.0 (VS2010)

time: Mon Mar 18 02:10:25 2019
elapsed time: 823 seconds (0d 0h 13m 43s)

